# JRE version: Java(TM) SE Runtime Environment (8.0_131-b11) (build 1.8.0_131-b11)
# Java VM: Java HotSpot(TM) 64-Bit Server VM (25.131-b11 mixed mode windows-amd64 compressed oops)
Heap:
 PSYoungGen      total 319488K, used 192537K [0x00000000eab00000, 0x0000000100000000, 0x0000000100000000)
  eden space 290304K, 56% used [0x00000000eab00000,0x00000000f4a89018,0x00000000fc680000)
  from space 29184K, 99% used [0x00000000fc680000,0x00000000fe2fd658,0x00000000fe300000)
  to   space 29696K, 0% used [0x00000000fe300000,0x00000000fe300000,0x0000000100000000)
 ParOldGen       total 699392K, used 99998K [0x00000000c0000000, 0x00000000eab00000, 0x00000000eab00000)
  object space 699392K, 14% used [0x00000000c0000000,0x00000000c61a7888,0x00000000eab00000)
 Metaspace       used 138704K, capacity 139589K, committed 143616K, reserved 1169408K
  class space    used 23290K, capacity 23511K, committed 24320K, reserved 1048576K
GC Heap History (10 events):
Event: 3842.328 GC heap before
{Heap before GC invocations=160 (full 7):
 PSYoungGen      total 317440K, used 48143K [0x00000000eab00000, 0x0000000100000000, 0x0000000100000000)
  eden space 294912K, 8% used [0x00000000eab00000,0x00000000ec4479a0,0x00000000fcb00000)
  from space 22528K, 98% used [0x00000000fea00000,0x00000000fffbc360,0x0000000100000000)
  to   space 27136K, 0% used [0x00000000fcb00000,0x00000000fcb00000,0x00000000fe580000)
 ParOldGen       total 699392K, used 193747K [0x00000000c0000000, 0x00000000eab00000, 0x00000000eab00000)
  object space 699392K, 27% used [0x00000000c0000000,0x00000000cbd34d90,0x00000000eab00000)
 Metaspace       used 142366K, capacity 143393K, committed 143616K, reserved 1169408K
  class space    used 24023K, capacity 24261K, committed 24320K, reserved 1048576K
Event: 3842.362 GC heap after
Heap after GC invocations=160 (full 7):
 PSYoungGen      total 315904K, used 20912K [0x00000000eab00000, 0x0000000100000000, 0x0000000100000000)
  eden space 294912K, 0% used [0x00000000eab00000,0x00000000eab00000,0x00000000fcb00000)
  from space 20992K, 99% used [0x00000000fcb00000,0x00000000fdf6c098,0x00000000fdf80000)
  to   space 29696K, 0% used [0x00000000fe300000,0x00000000fe300000,0x0000000100000000)
 ParOldGen       total 699392K, used 193747K [0x00000000c0000000, 0x00000000eab00000, 0x00000000eab00000)
  object space 699392K, 27% used [0x00000000c0000000,0x00000000cbd34d90,0x00000000eab00000)
 Metaspace       used 142366K, capacity 143393K, committed 143616K, reserved 1169408K
  class space    used 24023K, capacity 24261K, committed 24320K, reserved 1048576K
}
Event: 3842.362 GC heap before
{Heap before GC invocations=161 (full 8):
 PSYoungGen      total 315904K, used 20912K [0x00000000eab00000, 0x0000000100000000, 0x0000000100000000)
  eden space 294912K, 0% used [0x00000000eab00000,0x00000000eab00000,0x00000000fcb00000)
  from space 20992K, 99% used [0x00000000fcb00000,0x00000000fdf6c098,0x00000000fdf80000)
  to   space 29696K, 0% used [0x00000000fe300000,0x00000000fe300000,0x0000000100000000)
 ParOldGen       total 699392K, used 193747K [0x00000000c0000000, 0x00000000eab00000, 0x00000000eab00000)
  object space 699392K, 27% used [0x00000000c0000000,0x00000000cbd34d90,0x00000000eab00000)
 Metaspace       used 142366K, capacity 143393K, committed 143616K, reserved 1169408K
  class space    used 24023K, capacity 24261K, committed 24320K, reserved 1048576K
Event: 3842.921 GC heap after
Heap after GC invocations=161 (full 8):
 PSYoungGen      total 315904K, used 0K [0x00000000eab00000, 0x0000000100000000, 0x0000000100000000)
  eden space 294912K, 0% used [0x00000000eab00000,0x00000000eab00000,0x00000000fcb00000)
  from space 20992K, 0% used [0x00000000fcb00000,0x00000000fcb00000,0x00000000fdf80000)
  to   space 29696K, 0% used [0x00000000fe300000,0x00000000fe300000,0x0000000100000000)
 ParOldGen       total 699392K, used 79586K [0x00000000c0000000, 0x00000000eab00000, 0x00000000eab00000)
  object space 699392K, 11% used [0x00000000c0000000,0x00000000c4db8b40,0x00000000eab00000)
 Metaspace       used 135080K, capacity 135853K, committed 143616K, reserved 1169408K
  class space    used 22619K, capacity 22825K, committed 24320K, reserved 1048576K
}
Event: 3842.930 GC heap before
{Heap before GC invocations=162 (full 8):
 PSYoungGen      total 315904K, used 5720K [0x00000000eab00000, 0x0000000100000000, 0x0000000100000000)
  eden space 294912K, 1% used [0x00000000eab00000,0x00000000eb096158,0x00000000fcb00000)
  from space 20992K, 0% used [0x00000000fcb00000,0x00000000fcb00000,0x00000000fdf80000)
  to   space 29696K, 0% used [0x00000000fe300000,0x00000000fe300000,0x0000000100000000)
 ParOldGen       total 699392K, used 79586K [0x00000000c0000000, 0x00000000eab00000, 0x00000000eab00000)
  object space 699392K, 11% used [0x00000000c0000000,0x00000000c4db8b40,0x00000000eab00000)
 Metaspace       used 135080K, capacity 135853K, committed 143616K, reserved 1169408K
  class space    used 22619K, capacity 22825K, committed 24320K, reserved 1048576K
Event: 3842.935 GC heap after
Heap after GC invocations=162 (full 8):
 PSYoungGen      total 320000K, used 64K [0x00000000eab00000, 0x0000000100000000, 0x0000000100000000)
  eden space 290304K, 0% used [0x00000000eab00000,0x00000000eab00000,0x00000000fc680000)
  from space 29696K, 0% used [0x00000000fe300000,0x00000000fe310000,0x0000000100000000)
  to   space 29184K, 0% used [0x00000000fc680000,0x00000000fc680000,0x00000000fe300000)
 ParOldGen       total 699392K, used 79586K [0x00000000c0000000, 0x00000000eab00000, 0x00000000eab00000)
  object space 699392K, 11% used [0x00000000c0000000,0x00000000c4db8b40,0x00000000eab00000)
 Metaspace       used 135080K, capacity 135853K, committed 143616K, reserved 1169408K
  class space    used 22619K, capacity 22825K, committed 24320K, reserved 1048576K
}
Event: 3842.935 GC heap before
{Heap before GC invocations=163 (full 9):
 PSYoungGen      total 320000K, used 64K [0x00000000eab00000, 0x0000000100000000, 0x0000000100000000)
  eden space 290304K, 0% used [0x00000000eab00000,0x00000000eab00000,0x00000000fc680000)
  from space 29696K, 0% used [0x00000000fe300000,0x00000000fe310000,0x0000000100000000)
  to   space 29184K, 0% used [0x00000000fc680000,0x00000000fc680000,0x00000000fe300000)
 ParOldGen       total 699392K, used 79586K [0x00000000c0000000, 0x00000000eab00000, 0x00000000eab00000)
  object space 699392K, 11% used [0x00000000c0000000,0x00000000c4db8b40,0x00000000eab00000)
 Metaspace       used 135080K, capacity 135853K, committed 143616K, reserved 1169408K
  class space    used 22619K, capacity 22825K, committed 24320K, reserved 1048576K
Event: 3843.485 GC heap after
Heap after GC invocations=163 (full 9):
 PSYoungGen      total 320000K, used 0K [0x00000000eab00000, 0x0000000100000000, 0x0000000100000000)
  eden space 290304K, 0% used [0x00000000eab00000,0x00000000eab00000,0x00000000fc680000)
  from space 29696K, 0% used [0x00000000fe300000,0x00000000fe300000,0x0000000100000000)
  to   space 29184K, 0% used [0x00000000fc680000,0x00000000fc680000,0x00000000fe300000)
 ParOldGen       total 699392K, used 74770K [0x00000000c0000000, 0x00000000eab00000, 0x00000000eab00000)
  object space 699392K, 10% used [0x00000000c0000000,0x00000000c49049f8,0x00000000eab00000)
 Metaspace       used 135080K, capacity 135853K, committed 143616K, reserved 1169408K
  class space    used 22619K, capacity 22825K, committed 24320K, reserved 1048576K
}
Event: 3847.026 GC heap before
{Heap before GC invocations=164 (full 9):
 PSYoungGen      total 320000K, used 290304K [0x00000000eab00000, 0x0000000100000000, 0x0000000100000000)
  eden space 290304K, 100% used [0x00000000eab00000,0x00000000fc680000,0x00000000fc680000)
  from space 29696K, 0% used [0x00000000fe300000,0x00000000fe300000,0x0000000100000000)
  to   space 29184K, 0% used [0x00000000fc680000,0x00000000fc680000,0x00000000fe300000)
 ParOldGen       total 699392K, used 74770K [0x00000000c0000000, 0x00000000eab00000, 0x00000000eab00000)
  object space 699392K, 10% used [0x00000000c0000000,0x00000000c49049f8,0x00000000eab00000)
 Metaspace       used 138378K, capacity 139237K, committed 143616K, reserved 1169408K
  class space    used 23250K, capacity 23479K, committed 24320K, reserved 1048576K
Event: 3847.140 GC heap after
Heap after GC invocations=164 (full 9):
 PSYoungGen      total 319488K, used 29173K [0x00000000eab00000, 0x0000000100000000, 0x0000000100000000)
  eden space 290304K, 0% used [0x00000000eab00000,0x00000000eab00000,0x00000000fc680000)
  from space 29184K, 99% used [0x00000000fc680000,0x00000000fe2fd658,0x00000000fe300000)
  to   space 29696K, 0% used [0x00000000fe300000,0x00000000fe300000,0x0000000100000000)
 ParOldGen       total 699392K, used 99998K [0x00000000c0000000, 0x00000000eab00000, 0x00000000eab00000)
  object space 699392K, 14% used [0x00000000c0000000,0x00000000c61a7888,0x00000000eab00000)
 Metaspace       used 138378K, capacity 139237K, committed 143616K, reserved 1169408K
  class space    used 23250K, capacity 23479K, committed 24320K, reserved 1048576K
}

